2018-04-29 13:22:00,676 [TestRunnerThread] INFO  ProvidentProjects.Logging.LoggingStoryReporter - Running scenario [Create New Quote [QE-1]]
2018-04-29 13:22:00,717 [TestRunnerThread] INFO  ProvidentProjects.generalSteps.GeneralSteps - Given I am logged in to provident website
2018-04-29 13:22:07,802 [TestRunnerThread] INFO  ProvidentProjects.generalSteps.GeneralSteps - And I enter username
2018-04-29 13:22:07,806 [TestRunnerThread] INFO  ProvidentProjects.generalSteps.GeneralSteps - And I enter password
2018-04-29 13:22:07,807 [TestRunnerThread] INFO  ProvidentProjects.generalSteps.GeneralSteps - When I click login button
2018-04-29 13:22:07,831 [TestRunnerThread] INFO  ProvidentProjects.generalSteps.GeneralSteps - Then I will be logged in
2018-04-29 13:22:07,836 [TestRunnerThread] INFO  ProvidentProjects.generalSteps.GeneralSteps - Scenario execution complete: Create New Quote [QE-1]
2018-04-29 13:22:07,844 [TestRunnerThread] INFO  ProvidentProjects.Logging.LoggingStoryReporter - Scenario finished [Create New Quote [QE-1]]
2018-04-29 13:22:07,844 [TestRunnerThread] INFO  ProvidentProjects.Logging.LoggingStoryReporter - PASSED: Given I am logged in to provident website - 
2018-04-29 13:22:07,845 [TestRunnerThread] WARN  ProvidentProjects.Logging.LoggingStoryReporter - PENDINGNOTIMPLEMENTED: And I enter username - No matching Action found for "And I enter username"
2018-04-29 13:22:07,845 [TestRunnerThread] WARN  ProvidentProjects.Logging.LoggingStoryReporter - PENDINGNOTIMPLEMENTED: And I enter password - No matching Action found for "And I enter password"
2018-04-29 13:22:07,846 [TestRunnerThread] WARN  ProvidentProjects.Logging.LoggingStoryReporter - PENDINGNOTIMPLEMENTED: When I click login button - No matching Action found for "When I click login button"
2018-04-29 13:22:07,846 [TestRunnerThread] WARN  ProvidentProjects.Logging.LoggingStoryReporter - PENDINGNOTIMPLEMENTED: Then I will be logged in - No matching Action found for "Then I will be logged in"
2018-04-29 13:22:07,848 [TestRunnerThread] INFO  ProvidentProjects.Logging.ZapiStoryReporter - Writing UN-SUCCESSFUL execution result to Jira for scenario: Create New Quote [QE-1]
2018-04-29 16:07:01,701 [TestRunnerThread] INFO  ProvidentProjects.Logging.LoggingStoryReporter - Running scenario [Create New Quote [QE-1]]
2018-04-29 16:07:01,776 [TestRunnerThread] INFO  ProvidentProjects.generalSteps.GeneralSteps - Given I am logged in to provident website
2018-04-29 16:07:06,525 [TestRunnerThread] INFO  ProvidentProjects.generalSteps.GeneralSteps - And I enter username
2018-04-29 16:07:06,526 [TestRunnerThread] INFO  ProvidentProjects.generalSteps.GeneralSteps - And I enter password
2018-04-29 16:07:06,527 [TestRunnerThread] INFO  ProvidentProjects.generalSteps.GeneralSteps - When I click login button
2018-04-29 16:07:06,527 [TestRunnerThread] INFO  ProvidentProjects.generalSteps.GeneralSteps - Then I will be logged in
2018-04-29 16:07:06,543 [TestRunnerThread] INFO  ProvidentProjects.generalSteps.GeneralSteps - Scenario execution complete: Create New Quote [QE-1]
2018-04-29 16:07:06,569 [TestRunnerThread] INFO  ProvidentProjects.Logging.LoggingStoryReporter - Scenario finished [Create New Quote [QE-1]]
2018-04-29 16:07:06,569 [TestRunnerThread] INFO  ProvidentProjects.Logging.LoggingStoryReporter - PASSED: Given I am logged in to provident website - 
2018-04-29 16:07:06,570 [TestRunnerThread] WARN  ProvidentProjects.Logging.LoggingStoryReporter - PENDINGNOTIMPLEMENTED: And I enter username - No matching Action found for "And I enter username"
2018-04-29 16:07:06,571 [TestRunnerThread] WARN  ProvidentProjects.Logging.LoggingStoryReporter - PENDINGNOTIMPLEMENTED: And I enter password - No matching Action found for "And I enter password"
2018-04-29 16:07:06,571 [TestRunnerThread] WARN  ProvidentProjects.Logging.LoggingStoryReporter - PENDINGNOTIMPLEMENTED: When I click login button - No matching Action found for "When I click login button"
2018-04-29 16:07:06,572 [TestRunnerThread] WARN  ProvidentProjects.Logging.LoggingStoryReporter - PENDINGNOTIMPLEMENTED: Then I will be logged in - No matching Action found for "Then I will be logged in"
2018-04-29 16:07:06,576 [TestRunnerThread] INFO  ProvidentProjects.Logging.ZapiStoryReporter - Writing UN-SUCCESSFUL execution result to Jira for scenario: Create New Quote [QE-1]
2018-04-29 16:08:15,191 [TestRunnerThread] INFO  ProvidentProjects.Logging.LoggingStoryReporter - Running scenario [Create New Quote [QE-1]]
2018-04-29 16:08:15,214 [TestRunnerThread] INFO  ProvidentProjects.generalSteps.GeneralSteps - Given I am logged in to provident website
2018-04-29 16:08:20,626 [TestRunnerThread] INFO  ProvidentProjects.generalSteps.GeneralSteps - And I enter username
2018-04-29 16:08:20,633 [TestRunnerThread] INFO  ProvidentProjects.generalSteps.GeneralSteps - And I enter password
2018-04-29 16:08:20,641 [TestRunnerThread] INFO  ProvidentProjects.generalSteps.GeneralSteps - When I click login button
2018-04-29 16:08:20,643 [TestRunnerThread] INFO  ProvidentProjects.generalSteps.GeneralSteps - Then I will be logged in
2018-04-29 16:08:20,666 [TestRunnerThread] INFO  ProvidentProjects.generalSteps.GeneralSteps - Scenario execution complete: Create New Quote [QE-1]
2018-04-29 16:08:20,710 [TestRunnerThread] INFO  ProvidentProjects.Logging.LoggingStoryReporter - Scenario finished [Create New Quote [QE-1]]
2018-04-29 16:08:20,712 [TestRunnerThread] INFO  ProvidentProjects.Logging.LoggingStoryReporter - PASSED: Given I am logged in to provident website - 
2018-04-29 16:08:20,718 [TestRunnerThread] WARN  ProvidentProjects.Logging.LoggingStoryReporter - PENDINGNOTIMPLEMENTED: And I enter username - No matching Action found for "And I enter username"
2018-04-29 16:08:20,719 [TestRunnerThread] WARN  ProvidentProjects.Logging.LoggingStoryReporter - PENDINGNOTIMPLEMENTED: And I enter password - No matching Action found for "And I enter password"
2018-04-29 16:08:20,720 [TestRunnerThread] WARN  ProvidentProjects.Logging.LoggingStoryReporter - PENDINGNOTIMPLEMENTED: When I click login button - No matching Action found for "When I click login button"
2018-04-29 16:08:20,721 [TestRunnerThread] WARN  ProvidentProjects.Logging.LoggingStoryReporter - PENDINGNOTIMPLEMENTED: Then I will be logged in - No matching Action found for "Then I will be logged in"
2018-04-29 16:08:20,742 [TestRunnerThread] INFO  ProvidentProjects.Logging.ZapiStoryReporter - Writing UN-SUCCESSFUL execution result to Jira for scenario: Create New Quote [QE-1]
2018-04-29 16:20:13,455 [TestRunnerThread] INFO  ProvidentProjects.Logging.LoggingStoryReporter - Running scenario [Create New Quote [QE-1]]
2018-04-29 16:20:13,478 [TestRunnerThread] INFO  ProvidentProjects.generalSteps.GeneralSteps - Given I am logged in to provident website
2018-04-29 16:20:19,527 [TestRunnerThread] INFO  ProvidentProjects.generalSteps.GeneralSteps - And I enter username
2018-04-29 16:20:19,532 [TestRunnerThread] INFO  ProvidentProjects.generalSteps.GeneralSteps - And I enter password
2018-04-29 16:20:19,533 [TestRunnerThread] INFO  ProvidentProjects.generalSteps.GeneralSteps - When I click login button
2018-04-29 16:20:19,539 [TestRunnerThread] INFO  ProvidentProjects.generalSteps.GeneralSteps - Then I will be logged in
2018-04-29 16:20:19,543 [TestRunnerThread] INFO  ProvidentProjects.generalSteps.GeneralSteps - Scenario execution complete: Create New Quote [QE-1]
2018-04-29 16:20:19,549 [TestRunnerThread] INFO  ProvidentProjects.Logging.LoggingStoryReporter - Scenario finished [Create New Quote [QE-1]]
2018-04-29 16:20:19,558 [TestRunnerThread] INFO  ProvidentProjects.Logging.LoggingStoryReporter - PASSED: Given I am logged in to provident website - 
2018-04-29 16:20:19,559 [TestRunnerThread] WARN  ProvidentProjects.Logging.LoggingStoryReporter - PENDINGNOTIMPLEMENTED: And I enter username - No matching Action found for "And I enter username"
2018-04-29 16:20:19,559 [TestRunnerThread] WARN  ProvidentProjects.Logging.LoggingStoryReporter - PENDINGNOTIMPLEMENTED: And I enter password - No matching Action found for "And I enter password"
2018-04-29 16:20:19,560 [TestRunnerThread] WARN  ProvidentProjects.Logging.LoggingStoryReporter - PENDINGNOTIMPLEMENTED: When I click login button - No matching Action found for "When I click login button"
2018-04-29 16:20:19,560 [TestRunnerThread] WARN  ProvidentProjects.Logging.LoggingStoryReporter - PENDINGNOTIMPLEMENTED: Then I will be logged in - No matching Action found for "Then I will be logged in"
2018-04-29 16:20:19,563 [TestRunnerThread] INFO  ProvidentProjects.Logging.ZapiStoryReporter - Writing UN-SUCCESSFUL execution result to Jira for scenario: Create New Quote [QE-1]
2018-04-29 19:33:47,091 [TestRunnerThread] INFO  ProvidentProjects.Logging.LoggingStoryReporter - Running scenario [Create New Quote [QE-1]]
2018-04-29 19:33:47,129 [TestRunnerThread] INFO  ProvidentProjects.generalSteps.GeneralSteps - Given I am logged in to provident website
2018-04-29 19:33:48,435 [TestRunnerThread] INFO  ProvidentProjects.generalSteps.GeneralSteps - And I enter username
2018-04-29 19:33:48,441 [TestRunnerThread] INFO  ProvidentProjects.generalSteps.GeneralSteps - And I enter password
2018-04-29 19:33:48,447 [TestRunnerThread] INFO  ProvidentProjects.generalSteps.GeneralSteps - When I click login button
2018-04-29 19:33:48,448 [TestRunnerThread] INFO  ProvidentProjects.generalSteps.GeneralSteps - Then I will be logged in
2018-04-29 19:33:48,455 [TestRunnerThread] INFO  ProvidentProjects.generalSteps.GeneralSteps - Scenario execution complete: Create New Quote [QE-1]
2018-04-29 19:33:48,473 [TestRunnerThread] INFO  ProvidentProjects.Logging.LoggingStoryReporter - Scenario finished [Create New Quote [QE-1]]
2018-04-29 19:33:48,474 [TestRunnerThread] INFO  ProvidentProjects.Logging.LoggingStoryReporter - PASSED: Given I am logged in to provident website - 
2018-04-29 19:33:48,474 [TestRunnerThread] WARN  ProvidentProjects.Logging.LoggingStoryReporter - PENDINGNOTIMPLEMENTED: And I enter username - No matching Action found for "And I enter username"
2018-04-29 19:33:48,475 [TestRunnerThread] WARN  ProvidentProjects.Logging.LoggingStoryReporter - PENDINGNOTIMPLEMENTED: And I enter password - No matching Action found for "And I enter password"
2018-04-29 19:33:48,475 [TestRunnerThread] WARN  ProvidentProjects.Logging.LoggingStoryReporter - PENDINGNOTIMPLEMENTED: When I click login button - No matching Action found for "When I click login button"
2018-04-29 19:33:48,475 [TestRunnerThread] WARN  ProvidentProjects.Logging.LoggingStoryReporter - PENDINGNOTIMPLEMENTED: Then I will be logged in - No matching Action found for "Then I will be logged in"
2018-04-29 19:33:48,483 [TestRunnerThread] INFO  ProvidentProjects.Logging.ZapiStoryReporter - Writing UN-SUCCESSFUL execution result to Jira for scenario: Create New Quote [QE-1]
2018-04-29 19:35:34,585 [TestRunnerThread] INFO  ProvidentProjects.Logging.LoggingStoryReporter - Running scenario [Create New Quote [QE-1]]
2018-04-29 19:35:34,605 [TestRunnerThread] INFO  ProvidentProjects.generalSteps.GeneralSteps - Given I am logged in to provident website
2018-04-29 19:35:40,627 [TestRunnerThread] INFO  ProvidentProjects.generalSteps.GeneralSteps - And I enter username
2018-04-29 19:35:40,635 [TestRunnerThread] INFO  ProvidentProjects.generalSteps.GeneralSteps - And I enter password
2018-04-29 19:35:40,635 [TestRunnerThread] INFO  ProvidentProjects.generalSteps.GeneralSteps - When I click login button
2018-04-29 19:35:40,636 [TestRunnerThread] INFO  ProvidentProjects.generalSteps.GeneralSteps - Then I will be logged in
2018-04-29 19:35:40,644 [TestRunnerThread] INFO  ProvidentProjects.generalSteps.GeneralSteps - Scenario execution complete: Create New Quote [QE-1]
2018-04-29 19:35:40,655 [TestRunnerThread] INFO  ProvidentProjects.Logging.LoggingStoryReporter - Scenario finished [Create New Quote [QE-1]]
2018-04-29 19:35:40,666 [TestRunnerThread] INFO  ProvidentProjects.Logging.LoggingStoryReporter - PASSED: Given I am logged in to provident website - 
2018-04-29 19:35:40,666 [TestRunnerThread] WARN  ProvidentProjects.Logging.LoggingStoryReporter - PENDINGNOTIMPLEMENTED: And I enter username - No matching Action found for "And I enter username"
2018-04-29 19:35:40,667 [TestRunnerThread] WARN  ProvidentProjects.Logging.LoggingStoryReporter - PENDINGNOTIMPLEMENTED: And I enter password - No matching Action found for "And I enter password"
2018-04-29 19:35:40,667 [TestRunnerThread] WARN  ProvidentProjects.Logging.LoggingStoryReporter - PENDINGNOTIMPLEMENTED: When I click login button - No matching Action found for "When I click login button"
2018-04-29 19:35:40,667 [TestRunnerThread] WARN  ProvidentProjects.Logging.LoggingStoryReporter - PENDINGNOTIMPLEMENTED: Then I will be logged in - No matching Action found for "Then I will be logged in"
2018-04-29 19:35:40,670 [TestRunnerThread] INFO  ProvidentProjects.Logging.ZapiStoryReporter - Writing UN-SUCCESSFUL execution result to Jira for scenario: Create New Quote [QE-1]
2018-08-18 06:33:22,879 [TestRunnerThread] INFO  ProvidentProjects.Logging.LoggingStoryReporter - Running scenario [Create New Quote [QE-1]]
2018-08-18 06:33:22,956 [TestRunnerThread] INFO  ProvidentProjects.generalSteps.GeneralSteps - Given I am logged in to provident website
2018-08-18 06:33:29,047 [TestRunnerThread] INFO  ProvidentProjects.generalSteps.GeneralSteps - And I click on my account link
2018-08-18 06:33:29,049 [TestRunnerThread] INFO  ProvidentProjects.generalSteps.GeneralSteps - Scenario execution complete: Create New Quote [QE-1]
2018-08-18 06:33:29,069 [TestRunnerThread] INFO  ProvidentProjects.Logging.LoggingStoryReporter - Scenario finished [Create New Quote [QE-1]]
2018-08-18 06:33:29,070 [TestRunnerThread] INFO  ProvidentProjects.Logging.LoggingStoryReporter - PASSED: Given I am logged in to provident website - 
2018-08-18 06:33:29,070 [TestRunnerThread] INFO  ProvidentProjects.Logging.LoggingStoryReporter - PASSED: And I click on my account link - 
2018-08-18 06:33:29,073 [TestRunnerThread] INFO  ProvidentProjects.Logging.ZapiStoryReporter - Writing SUCCESSFUL execution result to Jira for scenario: Create New Quote [QE-1]
2018-08-18 06:37:58,408 [TestRunnerThread] INFO  ProvidentProjects.Logging.LoggingStoryReporter - Running scenario [Create New Quote [QE-1]]
2018-08-18 06:37:58,520 [TestRunnerThread] INFO  ProvidentProjects.generalSteps.GeneralSteps - Given I am logged in to provident website
2018-08-18 06:38:11,915 [TestRunnerThread] INFO  ProvidentProjects.generalSteps.GeneralSteps - And I click on my account link
2018-08-18 06:38:11,956 [TestRunnerThread] INFO  ProvidentProjects.generalSteps.GeneralSteps - Scenario execution complete: Create New Quote [QE-1]
2018-08-18 06:38:11,966 [TestRunnerThread] INFO  ProvidentProjects.Logging.LoggingStoryReporter - Scenario finished [Create New Quote [QE-1]]
2018-08-18 06:38:11,967 [TestRunnerThread] INFO  ProvidentProjects.Logging.LoggingStoryReporter - PASSED: Given I am logged in to provident website - 
2018-08-18 06:38:11,967 [TestRunnerThread] WARN  ProvidentProjects.Logging.LoggingStoryReporter - FAILED: And I click on my account link - System.NullReferenceException: Object reference not set to an instance of an object.
   at ProvidentTestProject.Pages.HomePage.clickMyAccount() in C:\Users\Gerald\WorkStation\CoveaSolutions\ProvidentTestProject\Pages\HomePage.cs:line 27
   at ProvidentTestProject.Pages.LoginSteps.ClickMyAccountLink() in C:\Users\Gerald\WorkStation\CoveaSolutions\ProvidentTestProject\Steps\RegistrationSteps.cs:line 30
2018-08-18 06:38:11,968 [TestRunnerThread] ERROR ProvidentProjects.Logging.LoggingStoryReporter - SCENARIO FAILED: Create New Quote [QE-1]
2018-08-18 06:38:11,973 [TestRunnerThread] INFO  ProvidentProjects.Logging.ZapiStoryReporter - Writing UN-SUCCESSFUL execution result to Jira for scenario: Create New Quote [QE-1]
2018-08-18 06:38:52,565 [TestRunnerThread] INFO  ProvidentProjects.Logging.LoggingStoryReporter - Running scenario [Create New Quote [QE-1]]
2018-08-18 06:38:52,591 [TestRunnerThread] INFO  ProvidentProjects.generalSteps.GeneralSteps - Given I am logged in to provident website
2018-08-18 06:38:58,078 [TestRunnerThread] INFO  ProvidentProjects.generalSteps.GeneralSteps - And I click on my account link
2018-08-18 06:49:12,004 [TestRunnerThread] INFO  ProvidentProjects.Logging.LoggingStoryReporter - Running scenario [Create New Quote [QE-1]]
2018-08-18 06:49:12,025 [TestRunnerThread] INFO  ProvidentProjects.generalSteps.GeneralSteps - Given I am logged in to provident website
2018-08-18 06:49:17,363 [TestRunnerThread] INFO  ProvidentProjects.generalSteps.GeneralSteps - And I click on my account link
2018-08-18 06:49:22,912 [TestRunnerThread] INFO  ProvidentProjects.generalSteps.GeneralSteps - Scenario execution complete: Create New Quote [QE-1]
2018-08-18 06:49:22,920 [TestRunnerThread] INFO  ProvidentProjects.Logging.LoggingStoryReporter - Scenario finished [Create New Quote [QE-1]]
2018-08-18 06:49:22,922 [TestRunnerThread] INFO  ProvidentProjects.Logging.LoggingStoryReporter - PASSED: Given I am logged in to provident website - 
2018-08-18 06:49:22,923 [TestRunnerThread] INFO  ProvidentProjects.Logging.LoggingStoryReporter - PASSED: And I click on my account link - 
2018-08-18 06:49:22,930 [TestRunnerThread] INFO  ProvidentProjects.Logging.ZapiStoryReporter - Writing SUCCESSFUL execution result to Jira for scenario: Create New Quote [QE-1]
2018-08-18 06:56:47,164 [TestRunnerThread] INFO  ProvidentProjects.Logging.LoggingStoryReporter - Running scenario [Create New Quote [QE-1]]
2018-08-18 06:56:47,188 [TestRunnerThread] INFO  ProvidentProjects.generalSteps.GeneralSteps - Given I am logged in to provident website
2018-08-18 06:56:53,183 [TestRunnerThread] INFO  ProvidentProjects.generalSteps.GeneralSteps - And I click on my account link
2018-08-18 06:56:56,194 [TestRunnerThread] INFO  ProvidentProjects.generalSteps.GeneralSteps - Scenario execution complete: Create New Quote [QE-1]
2018-08-18 06:56:58,435 [TestRunnerThread] INFO  ProvidentProjects.Logging.LoggingStoryReporter - Scenario finished [Create New Quote [QE-1]]
2018-08-18 06:56:58,436 [TestRunnerThread] INFO  ProvidentProjects.Logging.LoggingStoryReporter - PASSED: Given I am logged in to provident website - 
2018-08-18 06:56:58,437 [TestRunnerThread] INFO  ProvidentProjects.Logging.LoggingStoryReporter - PASSED: And I click on my account link - 
2018-08-18 06:56:58,443 [TestRunnerThread] INFO  ProvidentProjects.Logging.ZapiStoryReporter - Writing SUCCESSFUL execution result to Jira for scenario: Create New Quote [QE-1]
2018-08-18 06:57:48,824 [TestRunnerThread] INFO  ProvidentProjects.Logging.LoggingStoryReporter - Running scenario [Create New Quote [QE-1]]
2018-08-18 06:57:48,851 [TestRunnerThread] INFO  ProvidentProjects.generalSteps.GeneralSteps - Given I am logged in to provident website
2018-08-18 06:57:59,535 [TestRunnerThread] INFO  ProvidentProjects.generalSteps.GeneralSteps - And I click on my account link
2018-08-18 06:58:03,684 [TestRunnerThread] INFO  ProvidentProjects.generalSteps.GeneralSteps - Then I can check for something
2018-08-18 06:58:03,696 [TestRunnerThread] INFO  ProvidentProjects.generalSteps.GeneralSteps - Scenario execution complete: Create New Quote [QE-1]
2018-08-18 06:58:03,935 [TestRunnerThread] INFO  ProvidentProjects.Logging.LoggingStoryReporter - Scenario finished [Create New Quote [QE-1]]
2018-08-18 06:58:03,936 [TestRunnerThread] INFO  ProvidentProjects.Logging.LoggingStoryReporter - PASSED: Given I am logged in to provident website - 
2018-08-18 06:58:03,936 [TestRunnerThread] INFO  ProvidentProjects.Logging.LoggingStoryReporter - PASSED: And I click on my account link - 
2018-08-18 06:58:03,937 [TestRunnerThread] WARN  ProvidentProjects.Logging.LoggingStoryReporter - PENDINGNOTIMPLEMENTED: Then I can check for something - No matching Action found for "Then I can check for something"
2018-08-18 06:58:03,941 [TestRunnerThread] INFO  ProvidentProjects.Logging.ZapiStoryReporter - Writing UN-SUCCESSFUL execution result to Jira for scenario: Create New Quote [QE-1]
2018-08-18 07:00:49,147 [TestRunnerThread] INFO  ProvidentProjects.Logging.LoggingStoryReporter - Running scenario [Create New Quote [QE-1]]
2018-08-18 07:00:49,178 [TestRunnerThread] INFO  ProvidentProjects.generalSteps.GeneralSteps - Given I am logged in to provident website
2018-08-18 07:00:54,337 [TestRunnerThread] INFO  ProvidentProjects.generalSteps.GeneralSteps - And I click on my account link
2018-08-18 07:00:57,390 [TestRunnerThread] INFO  ProvidentProjects.generalSteps.GeneralSteps - Then I can check for something
2018-08-18 07:00:57,394 [TestRunnerThread] INFO  ProvidentProjects.generalSteps.GeneralSteps - Scenario execution complete: Create New Quote [QE-1]
2018-08-18 07:00:57,677 [TestRunnerThread] INFO  ProvidentProjects.Logging.LoggingStoryReporter - Scenario finished [Create New Quote [QE-1]]
2018-08-18 07:00:57,682 [TestRunnerThread] INFO  ProvidentProjects.Logging.LoggingStoryReporter - PASSED: Given I am logged in to provident website - 
2018-08-18 07:00:57,683 [TestRunnerThread] INFO  ProvidentProjects.Logging.LoggingStoryReporter - PASSED: And I click on my account link - 
2018-08-18 07:00:57,684 [TestRunnerThread] INFO  ProvidentProjects.Logging.LoggingStoryReporter - PASSED: Then I can check for something - 
2018-08-18 07:00:57,687 [TestRunnerThread] INFO  ProvidentProjects.Logging.ZapiStoryReporter - Writing SUCCESSFUL execution result to Jira for scenario: Create New Quote [QE-1]
2018-08-18 07:05:52,770 [TestRunnerThread] INFO  ProvidentProjects.Logging.LoggingStoryReporter - Running scenario [Another Quote [QE-2]]
2018-08-18 07:05:52,796 [TestRunnerThread] INFO  ProvidentProjects.generalSteps.GeneralSteps - Given I know what I am doing
2018-08-18 07:05:52,804 [TestRunnerThread] INFO  ProvidentProjects.generalSteps.GeneralSteps - Scenario execution complete: Another Quote [QE-2]
2018-08-18 07:05:52,950 [TestRunnerThread] INFO  ProvidentProjects.Logging.LoggingStoryReporter - Scenario finished [Another Quote [QE-2]]
2018-08-18 07:05:52,953 [TestRunnerThread] WARN  ProvidentProjects.Logging.LoggingStoryReporter - PENDINGNOTIMPLEMENTED: Given I know what I am doing - No matching Action found for "Given I know what I am doing"
2018-08-18 07:05:52,958 [TestRunnerThread] INFO  ProvidentProjects.Logging.ZapiStoryReporter - Writing UN-SUCCESSFUL execution result to Jira for scenario: Another Quote [QE-2]
2018-08-18 14:22:13,695 [TestRunnerThread] INFO  ProvidentProjects.Logging.LoggingStoryReporter - Running scenario [Create New Quote [QE-1]]
2018-08-18 14:22:13,919 [TestRunnerThread] INFO  ProvidentProjects.generalSteps.GeneralSteps - Given I am logged in to provident website
2018-08-18 14:23:15,073 [TestRunnerThread] INFO  ProvidentProjects.generalSteps.GeneralSteps - And I click on my account link
2018-08-18 14:23:47,873 [TestRunnerThread] INFO  ProvidentProjects.generalSteps.GeneralSteps - Scenario execution complete: Create New Quote [QE-1]
2018-08-18 14:23:48,190 [TestRunnerThread] INFO  ProvidentProjects.Logging.LoggingStoryReporter - Scenario finished [Create New Quote [QE-1]]
2018-08-18 14:23:48,191 [TestRunnerThread] INFO  ProvidentProjects.Logging.LoggingStoryReporter - PASSED: Given I am logged in to provident website - 
2018-08-18 14:23:48,192 [TestRunnerThread] INFO  ProvidentProjects.Logging.LoggingStoryReporter - PASSED: And I click on my account link - 
2018-08-18 14:23:48,195 [TestRunnerThread] INFO  ProvidentProjects.Logging.ZapiStoryReporter - Writing SUCCESSFUL execution result to Jira for scenario: Create New Quote [QE-1]
2018-09-11 20:16:59,241 [TestRunnerThread] INFO  ProvidentProjects.Logging.LoggingStoryReporter - Running scenario [Create New Quote [QE-1]]
2018-09-11 20:16:59,301 [TestRunnerThread] INFO  ProvidentProjects.generalSteps.GeneralSteps - Given I am logged in to provident website
2018-09-11 20:17:17,158 [TestRunnerThread] INFO  ProvidentProjects.generalSteps.GeneralSteps - And I click on my account link
2018-09-11 20:17:30,731 [TestRunnerThread] INFO  ProvidentProjects.generalSteps.GeneralSteps - Scenario execution complete: Create New Quote [QE-1]
2018-09-11 20:17:31,679 [TestRunnerThread] INFO  ProvidentProjects.Logging.LoggingStoryReporter - Scenario finished [Create New Quote [QE-1]]
2018-09-11 20:17:31,680 [TestRunnerThread] INFO  ProvidentProjects.Logging.LoggingStoryReporter - PASSED: Given I am logged in to provident website - 
2018-09-11 20:17:31,681 [TestRunnerThread] INFO  ProvidentProjects.Logging.LoggingStoryReporter - PASSED: And I click on my account link - 
2018-09-11 20:17:31,684 [TestRunnerThread] INFO  ProvidentProjects.Logging.ZapiStoryReporter - Writing SUCCESSFUL execution result to Jira for scenario: Create New Quote [QE-1]
2018-09-11 20:53:32,018 [TestRunnerThread] INFO  ProvidentProjects.Logging.LoggingStoryReporter - Running scenario [Create New Quote [QE-1]]
2018-09-11 20:53:32,572 [TestRunnerThread] INFO  ProvidentProjects.generalSteps.GeneralSteps - Given I am logged in to provident website
2018-09-11 20:53:46,988 [TestRunnerThread] INFO  ProvidentProjects.generalSteps.GeneralSteps - And I click on my account link
2018-09-11 20:53:50,423 [TestRunnerThread] INFO  ProvidentProjects.generalSteps.GeneralSteps - Scenario execution complete: Create New Quote [QE-1]
2018-09-11 20:53:51,292 [TestRunnerThread] INFO  ProvidentProjects.Logging.LoggingStoryReporter - Scenario finished [Create New Quote [QE-1]]
2018-09-11 20:53:51,294 [TestRunnerThread] INFO  ProvidentProjects.Logging.LoggingStoryReporter - PASSED: Given I am logged in to provident website - 
2018-09-11 20:53:51,294 [TestRunnerThread] INFO  ProvidentProjects.Logging.LoggingStoryReporter - PASSED: And I click on my account link - 
2018-09-11 20:53:51,300 [TestRunnerThread] INFO  ProvidentProjects.Logging.ZapiStoryReporter - Writing SUCCESSFUL execution result to Jira for scenario: Create New Quote [QE-1]
2018-09-11 20:55:13,762 [TestRunnerThread] INFO  ProvidentProjects.Logging.LoggingStoryReporter - Running scenario [Create New Quote [QE-1]]
2018-09-11 20:55:13,786 [TestRunnerThread] INFO  ProvidentProjects.generalSteps.GeneralSteps - Given I am logged in to provident website
2018-09-11 20:55:20,000 [TestRunnerThread] INFO  ProvidentProjects.generalSteps.GeneralSteps - And I click on my account link
2018-09-11 20:55:20,271 [TestRunnerThread] INFO  ProvidentProjects.generalSteps.GeneralSteps - Scenario execution complete: Create New Quote [QE-1]
2018-09-11 20:55:22,788 [TestRunnerThread] INFO  ProvidentProjects.Logging.LoggingStoryReporter - Scenario finished [Create New Quote [QE-1]]
2018-09-11 20:55:22,789 [TestRunnerThread] INFO  ProvidentProjects.Logging.LoggingStoryReporter - PASSED: Given I am logged in to provident website - 
2018-09-11 20:55:22,792 [TestRunnerThread] WARN  ProvidentProjects.Logging.LoggingStoryReporter - FAILED: And I click on my account link - OpenQA.Selenium.NoSuchElementException: Could not find element by: By.LinkText: My Accounte
   at OpenQA.Selenium.Support.PageObjects.DefaultElementLocator.LocateElement(IEnumerable`1 bys)
   at OpenQA.Selenium.Support.PageObjects.WebElementProxy.get_Element()
   at OpenQA.Selenium.Support.PageObjects.WebElementProxy.Invoke(IMessage msg)
   at System.Runtime.Remoting.Proxies.RealProxy.PrivateInvoke(MessageData& msgData, Int32 type)
   at OpenQA.Selenium.IWebElement.Click()
   at ProvidentTestProject.Pages.HomePage.clickMyAccount() in C:\Users\Gerald\WorkStation\CoveaSolutions\ProvidentTestProject\Pages\HomePage.cs:line 27
   at ProvidentTestProject.Pages.LoginSteps.ClickMyAccountLink() in C:\Users\Gerald\WorkStation\CoveaSolutions\ProvidentTestProject\Steps\RegistrationSteps.cs:line 32
2018-09-11 20:55:22,796 [TestRunnerThread] ERROR ProvidentProjects.Logging.LoggingStoryReporter - SCENARIO FAILED: Create New Quote [QE-1]
2018-09-11 20:55:22,800 [TestRunnerThread] INFO  ProvidentProjects.Logging.ZapiStoryReporter - Writing UN-SUCCESSFUL execution result to Jira for scenario: Create New Quote [QE-1]
2018-09-11 21:03:22,069 [TestRunnerThread] INFO  ProvidentProjects.Logging.LoggingStoryReporter - Running scenario [Create New Quote [QE-1]]
2018-09-11 21:03:22,098 [TestRunnerThread] INFO  ProvidentProjects.generalSteps.GeneralSteps - Given I am logged in to provident website
2018-09-11 21:03:39,419 [TestRunnerThread] INFO  ProvidentProjects.generalSteps.GeneralSteps - And I click on my account link
2018-09-11 21:03:43,567 [TestRunnerThread] INFO  ProvidentProjects.generalSteps.GeneralSteps - Scenario execution complete: Create New Quote [QE-1]
2018-09-11 21:03:43,855 [TestRunnerThread] INFO  ProvidentProjects.Logging.LoggingStoryReporter - Scenario finished [Create New Quote [QE-1]]
2018-09-11 21:03:43,857 [TestRunnerThread] INFO  ProvidentProjects.Logging.LoggingStoryReporter - PASSED: Given I am logged in to provident website - 
2018-09-11 21:03:43,858 [TestRunnerThread] INFO  ProvidentProjects.Logging.LoggingStoryReporter - PASSED: And I click on my account link - 
2018-09-11 21:03:43,862 [TestRunnerThread] INFO  ProvidentProjects.Logging.ZapiStoryReporter - Writing SUCCESSFUL execution result to Jira for scenario: Create New Quote [QE-1]
2018-09-11 21:07:09,015 [TestRunnerThread] INFO  ProvidentProjects.Logging.LoggingStoryReporter - Running scenario [Create New Quote [QE-1]]
2018-09-11 21:07:09,037 [TestRunnerThread] INFO  ProvidentProjects.generalSteps.GeneralSteps - Given I am logged in to provident website
2018-09-11 21:07:15,124 [TestRunnerThread] INFO  ProvidentProjects.generalSteps.GeneralSteps - And I click on my account link
2018-09-11 21:07:17,171 [TestRunnerThread] INFO  ProvidentProjects.generalSteps.GeneralSteps - Scenario execution complete: Create New Quote [QE-1]
2018-09-11 21:07:17,346 [TestRunnerThread] INFO  ProvidentProjects.Logging.LoggingStoryReporter - Scenario finished [Create New Quote [QE-1]]
2018-09-11 21:07:17,347 [TestRunnerThread] INFO  ProvidentProjects.Logging.LoggingStoryReporter - PASSED: Given I am logged in to provident website - 
2018-09-11 21:07:17,349 [TestRunnerThread] INFO  ProvidentProjects.Logging.LoggingStoryReporter - PASSED: And I click on my account link - 
2018-09-11 21:07:17,354 [TestRunnerThread] INFO  ProvidentProjects.Logging.ZapiStoryReporter - Writing SUCCESSFUL execution result to Jira for scenario: Create New Quote [QE-1]
2018-09-11 21:08:43,048 [TestRunnerThread] INFO  ProvidentProjects.Logging.LoggingStoryReporter - Running scenario [Create New Quote [QE-1]]
2018-09-11 21:08:43,080 [TestRunnerThread] INFO  ProvidentProjects.generalSteps.GeneralSteps - Given I am logged in to provident website
2018-09-11 21:08:48,835 [TestRunnerThread] INFO  ProvidentProjects.generalSteps.GeneralSteps - And I click on my account link
2018-09-11 21:09:20,169 [TestRunnerThread] INFO  ProvidentProjects.generalSteps.GeneralSteps - Scenario execution complete: Create New Quote [QE-1]
2018-09-11 21:09:22,501 [TestRunnerThread] INFO  ProvidentProjects.Logging.LoggingStoryReporter - Scenario finished [Create New Quote [QE-1]]
2018-09-11 21:09:22,504 [TestRunnerThread] INFO  ProvidentProjects.Logging.LoggingStoryReporter - PASSED: Given I am logged in to provident website - 
2018-09-11 21:09:22,505 [TestRunnerThread] WARN  ProvidentProjects.Logging.LoggingStoryReporter - FAILED: And I click on my account link - OpenQA.Selenium.NoSuchElementException: Could not find element by: By.LinkText: My Accounte
   at OpenQA.Selenium.Support.PageObjects.DefaultElementLocator.LocateElement(IEnumerable`1 bys)
   at OpenQA.Selenium.Support.PageObjects.WebElementProxy.get_Element()
   at OpenQA.Selenium.Support.PageObjects.WebElementProxy.Invoke(IMessage msg)
   at System.Runtime.Remoting.Proxies.RealProxy.PrivateInvoke(MessageData& msgData, Int32 type)
   at OpenQA.Selenium.IWebElement.Click()
   at ProvidentTestProject.Pages.HomePage.clickMyAccount() in C:\Users\Gerald\WorkStation\CoveaSolutions\ProvidentTestProject\Pages\HomePage.cs:line 27
   at ProvidentTestProject.Pages.LoginSteps.ClickMyAccountLink() in C:\Users\Gerald\WorkStation\CoveaSolutions\ProvidentTestProject\Steps\RegistrationSteps.cs:line 32
2018-09-11 21:09:22,507 [TestRunnerThread] ERROR ProvidentProjects.Logging.LoggingStoryReporter - SCENARIO FAILED: Create New Quote [QE-1]
2018-09-11 21:09:22,511 [TestRunnerThread] INFO  ProvidentProjects.Logging.ZapiStoryReporter - Writing UN-SUCCESSFUL execution result to Jira for scenario: Create New Quote [QE-1]
2018-09-11 21:12:44,898 [TestRunnerThread] INFO  ProvidentProjects.Logging.LoggingStoryReporter - Running scenario [Create New Quote [QE-1]]
2018-09-11 21:12:44,931 [TestRunnerThread] INFO  ProvidentProjects.generalSteps.GeneralSteps - Given I am logged in to provident website
2018-09-11 21:12:49,933 [TestRunnerThread] INFO  ProvidentProjects.generalSteps.GeneralSteps - And I click on my account link
2018-09-11 21:12:53,903 [TestRunnerThread] INFO  ProvidentProjects.generalSteps.GeneralSteps - Scenario execution complete: Create New Quote [QE-1]
2018-09-11 21:12:55,992 [TestRunnerThread] INFO  ProvidentProjects.Logging.LoggingStoryReporter - Scenario finished [Create New Quote [QE-1]]
2018-09-11 21:12:55,993 [TestRunnerThread] INFO  ProvidentProjects.Logging.LoggingStoryReporter - PASSED: Given I am logged in to provident website - 
2018-09-11 21:12:55,995 [TestRunnerThread] WARN  ProvidentProjects.Logging.LoggingStoryReporter - FAILED: And I click on my account link - OpenQA.Selenium.NoSuchElementException: Could not find element by: By.LinkText: My Accounte
   at OpenQA.Selenium.Support.PageObjects.DefaultElementLocator.LocateElement(IEnumerable`1 bys)
   at OpenQA.Selenium.Support.PageObjects.WebElementProxy.get_Element()
   at OpenQA.Selenium.Support.PageObjects.WebElementProxy.Invoke(IMessage msg)
   at System.Runtime.Remoting.Proxies.RealProxy.PrivateInvoke(MessageData& msgData, Int32 type)
   at OpenQA.Selenium.IWebElement.Click()
   at ProvidentTestProject.Pages.HomePage.clickMyAccount() in C:\Users\Gerald\WorkStation\CoveaSolutions\ProvidentTestProject\Pages\HomePage.cs:line 27
   at ProvidentTestProject.Pages.LoginSteps.ClickMyAccountLink() in C:\Users\Gerald\WorkStation\CoveaSolutions\ProvidentTestProject\Steps\RegistrationSteps.cs:line 32
2018-09-11 21:12:55,998 [TestRunnerThread] ERROR ProvidentProjects.Logging.LoggingStoryReporter - SCENARIO FAILED: Create New Quote [QE-1]
2018-09-11 21:12:56,003 [TestRunnerThread] INFO  ProvidentProjects.Logging.ZapiStoryReporter - Writing UN-SUCCESSFUL execution result to Jira for scenario: Create New Quote [QE-1]
2018-09-11 21:14:18,843 [TestRunnerThread] INFO  ProvidentProjects.Logging.LoggingStoryReporter - Running scenario [Create New Quote [QE-1]]
2018-09-11 21:14:18,865 [TestRunnerThread] INFO  ProvidentProjects.generalSteps.GeneralSteps - Given I am logged in to provident website
2018-09-11 21:14:24,059 [TestRunnerThread] INFO  ProvidentProjects.generalSteps.GeneralSteps - And I click on my account link
2018-09-11 21:14:24,258 [TestRunnerThread] INFO  ProvidentProjects.generalSteps.GeneralSteps - Scenario execution complete: Create New Quote [QE-1]
2018-09-11 21:14:26,681 [TestRunnerThread] INFO  ProvidentProjects.Logging.LoggingStoryReporter - Scenario finished [Create New Quote [QE-1]]
2018-09-11 21:14:26,683 [TestRunnerThread] INFO  ProvidentProjects.Logging.LoggingStoryReporter - PASSED: Given I am logged in to provident website - 
2018-09-11 21:14:26,684 [TestRunnerThread] WARN  ProvidentProjects.Logging.LoggingStoryReporter - FAILED: And I click on my account link - OpenQA.Selenium.NoSuchElementException: Could not find element by: By.LinkText: My Accounte
   at OpenQA.Selenium.Support.PageObjects.DefaultElementLocator.LocateElement(IEnumerable`1 bys)
   at OpenQA.Selenium.Support.PageObjects.WebElementProxy.get_Element()
   at OpenQA.Selenium.Support.PageObjects.WebElementProxy.Invoke(IMessage msg)
   at System.Runtime.Remoting.Proxies.RealProxy.PrivateInvoke(MessageData& msgData, Int32 type)
   at OpenQA.Selenium.IWebElement.Click()
   at ProvidentTestProject.Pages.HomePage.clickMyAccount() in C:\Users\Gerald\WorkStation\CoveaSolutions\ProvidentTestProject\Pages\HomePage.cs:line 27
   at ProvidentTestProject.Pages.LoginSteps.ClickMyAccountLink() in C:\Users\Gerald\WorkStation\CoveaSolutions\ProvidentTestProject\Steps\RegistrationSteps.cs:line 32
2018-09-11 21:14:26,686 [TestRunnerThread] ERROR ProvidentProjects.Logging.LoggingStoryReporter - SCENARIO FAILED: Create New Quote [QE-1]
2018-09-11 21:14:26,690 [TestRunnerThread] INFO  ProvidentProjects.Logging.ZapiStoryReporter - Writing UN-SUCCESSFUL execution result to Jira for scenario: Create New Quote [QE-1]
2018-09-11 21:15:30,403 [TestRunnerThread] INFO  ProvidentProjects.Logging.LoggingStoryReporter - Running scenario [Create New Quote [QE-1]]
2018-09-11 21:15:30,427 [TestRunnerThread] INFO  ProvidentProjects.generalSteps.GeneralSteps - Given I am logged in to provident website
2018-09-11 21:15:36,670 [TestRunnerThread] INFO  ProvidentProjects.generalSteps.GeneralSteps - And I click on my account link
2018-09-11 21:15:36,900 [TestRunnerThread] INFO  ProvidentProjects.generalSteps.GeneralSteps - Scenario execution complete: Create New Quote [QE-1]
2018-09-11 21:15:37,111 [TestRunnerThread] INFO  ProvidentProjects.Logging.LoggingStoryReporter - Scenario finished [Create New Quote [QE-1]]
2018-09-11 21:15:37,112 [TestRunnerThread] INFO  ProvidentProjects.Logging.LoggingStoryReporter - PASSED: Given I am logged in to provident website - 
2018-09-11 21:15:37,113 [TestRunnerThread] WARN  ProvidentProjects.Logging.LoggingStoryReporter - FAILED: And I click on my account link - OpenQA.Selenium.NoSuchElementException: Could not find element by: By.LinkText: My Accounte
   at OpenQA.Selenium.Support.PageObjects.DefaultElementLocator.LocateElement(IEnumerable`1 bys)
   at OpenQA.Selenium.Support.PageObjects.WebElementProxy.get_Element()
   at OpenQA.Selenium.Support.PageObjects.WebElementProxy.Invoke(IMessage msg)
   at System.Runtime.Remoting.Proxies.RealProxy.PrivateInvoke(MessageData& msgData, Int32 type)
   at OpenQA.Selenium.IWebElement.Click()
   at ProvidentTestProject.Pages.HomePage.clickMyAccount() in C:\Users\Gerald\WorkStation\CoveaSolutions\ProvidentTestProject\Pages\HomePage.cs:line 27
   at ProvidentTestProject.Pages.LoginSteps.ClickMyAccountLink() in C:\Users\Gerald\WorkStation\CoveaSolutions\ProvidentTestProject\Steps\RegistrationSteps.cs:line 32
2018-09-11 21:15:37,115 [TestRunnerThread] ERROR ProvidentProjects.Logging.LoggingStoryReporter - SCENARIO FAILED: Create New Quote [QE-1]
2018-09-11 21:15:37,120 [TestRunnerThread] INFO  ProvidentProjects.Logging.ZapiStoryReporter - Writing UN-SUCCESSFUL execution result to Jira for scenario: Create New Quote [QE-1]
2018-09-11 21:16:48,483 [TestRunnerThread] INFO  ProvidentProjects.Logging.LoggingStoryReporter - Running scenario [Create New Quote [QE-1]]
2018-09-11 21:16:48,509 [TestRunnerThread] INFO  ProvidentProjects.generalSteps.GeneralSteps - Given I am logged in to provident website
2018-09-11 21:16:54,044 [TestRunnerThread] INFO  ProvidentProjects.generalSteps.GeneralSteps - And I click on my account link
2018-09-11 21:16:54,196 [TestRunnerThread] INFO  ProvidentProjects.generalSteps.GeneralSteps - Scenario execution complete: Create New Quote [QE-1]
2018-09-11 21:16:54,382 [TestRunnerThread] INFO  ProvidentProjects.Logging.LoggingStoryReporter - Scenario finished [Create New Quote [QE-1]]
2018-09-11 21:16:54,383 [TestRunnerThread] INFO  ProvidentProjects.Logging.LoggingStoryReporter - PASSED: Given I am logged in to provident website - 
2018-09-11 21:16:54,385 [TestRunnerThread] WARN  ProvidentProjects.Logging.LoggingStoryReporter - FAILED: And I click on my account link - OpenQA.Selenium.NoSuchElementException: Could not find element by: By.LinkText: My Accounte
   at OpenQA.Selenium.Support.PageObjects.DefaultElementLocator.LocateElement(IEnumerable`1 bys)
   at OpenQA.Selenium.Support.PageObjects.WebElementProxy.get_Element()
   at OpenQA.Selenium.Support.PageObjects.WebElementProxy.Invoke(IMessage msg)
   at System.Runtime.Remoting.Proxies.RealProxy.PrivateInvoke(MessageData& msgData, Int32 type)
   at OpenQA.Selenium.IWebElement.Click()
   at ProvidentTestProject.Pages.HomePage.clickMyAccount() in C:\Users\Gerald\WorkStation\CoveaSolutions\ProvidentTestProject\Pages\HomePage.cs:line 27
   at ProvidentTestProject.Pages.LoginSteps.ClickMyAccountLink() in C:\Users\Gerald\WorkStation\CoveaSolutions\ProvidentTestProject\Steps\RegistrationSteps.cs:line 32
2018-09-11 21:16:54,387 [TestRunnerThread] ERROR ProvidentProjects.Logging.LoggingStoryReporter - SCENARIO FAILED: Create New Quote [QE-1]
2018-09-11 21:16:54,390 [TestRunnerThread] INFO  ProvidentProjects.Logging.ZapiStoryReporter - Writing UN-SUCCESSFUL execution result to Jira for scenario: Create New Quote [QE-1]
2018-09-12 21:00:30,158 [TestRunnerThread] INFO  ProvidentProjects.Logging.LoggingStoryReporter - Running scenario [Create New Quote [QE-1]]
2018-09-12 21:00:30,299 [TestRunnerThread] INFO  ProvidentProjects.generalSteps.GeneralSteps - Given I am logged in to provident website
2018-09-12 21:00:48,629 [TestRunnerThread] INFO  ProvidentProjects.generalSteps.GeneralSteps - And I click on my account link
2018-09-12 21:00:49,270 [TestRunnerThread] INFO  ProvidentProjects.generalSteps.GeneralSteps - Scenario execution complete: Create New Quote [QE-1]
2018-09-12 21:00:51,589 [TestRunnerThread] INFO  ProvidentProjects.Logging.LoggingStoryReporter - Scenario finished [Create New Quote [QE-1]]
2018-09-12 21:00:51,590 [TestRunnerThread] INFO  ProvidentProjects.Logging.LoggingStoryReporter - PASSED: Given I am logged in to provident website - 
2018-09-12 21:00:51,591 [TestRunnerThread] WARN  ProvidentProjects.Logging.LoggingStoryReporter - FAILED: And I click on my account link - OpenQA.Selenium.NoSuchElementException: Could not find element by: By.LinkText: My Accounte
   at OpenQA.Selenium.Support.PageObjects.DefaultElementLocator.LocateElement(IEnumerable`1 bys)
   at OpenQA.Selenium.Support.PageObjects.WebElementProxy.get_Element()
   at OpenQA.Selenium.Support.PageObjects.WebElementProxy.Invoke(IMessage msg)
   at System.Runtime.Remoting.Proxies.RealProxy.PrivateInvoke(MessageData& msgData, Int32 type)
   at OpenQA.Selenium.IWebElement.Click()
   at ProvidentTestProject.Pages.HomePage.clickMyAccount() in C:\Users\Gerald\WorkStation\CoveaSolutions\ProvidentTestProject\Pages\HomePage.cs:line 27
   at ProvidentTestProject.Pages.LoginSteps.ClickMyAccountLink() in C:\Users\Gerald\WorkStation\CoveaSolutions\ProvidentTestProject\Steps\RegistrationSteps.cs:line 32
2018-09-12 21:00:51,635 [TestRunnerThread] ERROR ProvidentProjects.Logging.LoggingStoryReporter - SCENARIO FAILED: Create New Quote [QE-1]
2018-09-12 21:00:51,637 [TestRunnerThread] INFO  ProvidentProjects.Logging.ZapiStoryReporter - Writing UN-SUCCESSFUL execution result to Jira for scenario: Create New Quote [QE-1]
2018-09-12 21:03:01,341 [TestRunnerThread] INFO  ProvidentProjects.Logging.LoggingStoryReporter - Running scenario [Create New Quote [QE-1]]
2018-09-12 21:03:01,365 [TestRunnerThread] INFO  ProvidentProjects.generalSteps.GeneralSteps - Given I am logged in to provident website
2018-09-12 21:03:08,119 [TestRunnerThread] INFO  ProvidentProjects.generalSteps.GeneralSteps - And I click on my account link
2018-09-12 21:03:12,030 [TestRunnerThread] INFO  ProvidentProjects.generalSteps.GeneralSteps - Scenario execution complete: Create New Quote [QE-1]
2018-09-12 21:03:12,359 [TestRunnerThread] INFO  ProvidentProjects.Logging.LoggingStoryReporter - Scenario finished [Create New Quote [QE-1]]
2018-09-12 21:03:12,361 [TestRunnerThread] INFO  ProvidentProjects.Logging.LoggingStoryReporter - PASSED: Given I am logged in to provident website - 
2018-09-12 21:03:12,375 [TestRunnerThread] INFO  ProvidentProjects.Logging.LoggingStoryReporter - PASSED: And I click on my account link - 
2018-09-12 21:03:12,379 [TestRunnerThread] INFO  ProvidentProjects.Logging.ZapiStoryReporter - Writing SUCCESSFUL execution result to Jira for scenario: Create New Quote [QE-1]
2018-09-12 21:04:11,288 [TestRunnerThread] INFO  ProvidentProjects.Logging.LoggingStoryReporter - Running scenario [Create New Quote [QE-1]]
2018-09-12 21:04:11,312 [TestRunnerThread] INFO  ProvidentProjects.generalSteps.GeneralSteps - Given I am logged in to provident website
2018-09-12 21:04:13,857 [TestRunnerThread] INFO  ProvidentProjects.generalSteps.GeneralSteps - And I click on my account link
2018-09-12 21:04:14,308 [TestRunnerThread] INFO  ProvidentProjects.generalSteps.GeneralSteps - And I go home
2018-09-12 21:04:14,316 [TestRunnerThread] INFO  ProvidentProjects.generalSteps.GeneralSteps - Scenario execution complete: Create New Quote [QE-1]
2018-09-12 21:04:14,526 [TestRunnerThread] INFO  ProvidentProjects.Logging.LoggingStoryReporter - Scenario finished [Create New Quote [QE-1]]
2018-09-12 21:04:14,527 [TestRunnerThread] INFO  ProvidentProjects.Logging.LoggingStoryReporter - PASSED: Given I am logged in to provident website - 
2018-09-12 21:04:14,528 [TestRunnerThread] WARN  ProvidentProjects.Logging.LoggingStoryReporter - FAILED: And I click on my account link - OpenQA.Selenium.NoSuchElementException: Could not find element by: By.LinkText: My Account
   at OpenQA.Selenium.Support.PageObjects.DefaultElementLocator.LocateElement(IEnumerable`1 bys)
   at OpenQA.Selenium.Support.PageObjects.WebElementProxy.get_Element()
   at OpenQA.Selenium.Support.PageObjects.WebElementProxy.Invoke(IMessage msg)
   at System.Runtime.Remoting.Proxies.RealProxy.PrivateInvoke(MessageData& msgData, Int32 type)
   at OpenQA.Selenium.IWebElement.Click()
   at ProvidentTestProject.Pages.HomePage.clickMyAccount() in C:\Users\Gerald\WorkStation\CoveaSolutions\ProvidentTestProject\Pages\HomePage.cs:line 27
   at ProvidentTestProject.Pages.LoginSteps.ClickMyAccountLink() in C:\Users\Gerald\WorkStation\CoveaSolutions\ProvidentTestProject\Steps\RegistrationSteps.cs:line 32
2018-09-12 21:04:14,529 [TestRunnerThread] WARN  ProvidentProjects.Logging.LoggingStoryReporter - SKIPPED: And I go home - Previous step has failed
2018-09-12 21:04:14,530 [TestRunnerThread] ERROR ProvidentProjects.Logging.LoggingStoryReporter - SCENARIO FAILED: Create New Quote [QE-1]
2018-09-12 21:04:14,534 [TestRunnerThread] INFO  ProvidentProjects.Logging.ZapiStoryReporter - Writing UN-SUCCESSFUL execution result to Jira for scenario: Create New Quote [QE-1]
2018-09-12 21:04:29,967 [TestRunnerThread] INFO  ProvidentProjects.Logging.LoggingStoryReporter - Running scenario [Create New Quote [QE-1]]
2018-09-12 21:04:29,990 [TestRunnerThread] INFO  ProvidentProjects.generalSteps.GeneralSteps - Given I am logged in to provident website
2018-09-12 21:05:31,148 [TestRunnerThread] INFO  ProvidentProjects.generalSteps.GeneralSteps - And I click on my account link
2018-09-12 21:05:43,857 [TestRunnerThread] INFO  ProvidentProjects.generalSteps.GeneralSteps - And I go home
2018-09-12 21:05:43,860 [TestRunnerThread] INFO  ProvidentProjects.generalSteps.GeneralSteps - Scenario execution complete: Create New Quote [QE-1]
2018-09-12 21:05:45,868 [TestRunnerThread] ERROR ProvidentProjects.generalSteps.GeneralSteps - An exception occurred attempting to logout:
System.InvalidOperationException: chrome not reachable
  (Session info: chrome=68.0.3440.106)
  (Driver info: chromedriver=2.37.543627 (63642262d9fb93fb4ab52398be4286d844092a5e),platform=Windows NT 10.0.17133 x86_64) (100)
   at OpenQA.Selenium.Remote.RemoteWebDriver.UnpackAndThrowOnError(Response errorResponse)
   at OpenQA.Selenium.Remote.RemoteWebDriver.Execute(String driverCommandToExecute, Dictionary`2 parameters)
   at OpenQA.Selenium.Remote.RemoteWebDriver.Close()
   at ProvidentProjects.Base.Browser.Logout() in C:\Users\Gerald\WorkStation\CoveaSolutions\ProvidentProjects\Base\Browser.cs:line 27
   at ProvidentProjects.Base.BaseStep.Logout() in C:\Users\Gerald\WorkStation\CoveaSolutions\ProvidentProjects\Base\BaseStep.cs:line 33
   at ProvidentProjects.generalSteps.GeneralSteps.AfterScenario() in C:\Users\Gerald\WorkStation\CoveaSolutions\ProvidentTestProject\Steps\GeneralSteps.cs:line 45
2018-09-12 21:05:46,051 [TestRunnerThread] INFO  ProvidentProjects.Logging.LoggingStoryReporter - Scenario finished [Create New Quote [QE-1]]
2018-09-12 21:05:46,051 [TestRunnerThread] INFO  ProvidentProjects.Logging.LoggingStoryReporter - PASSED: Given I am logged in to provident website - 
2018-09-12 21:05:46,052 [TestRunnerThread] WARN  ProvidentProjects.Logging.LoggingStoryReporter - FAILED: And I click on my account link - OpenQA.Selenium.NoSuchWindowException: no such window: target window already closed
from unknown error: web view not found
  (Session info: chrome=68.0.3440.106)
  (Driver info: chromedriver=2.37.543627 (63642262d9fb93fb4ab52398be4286d844092a5e),platform=Windows NT 10.0.17133 x86_64)
   at OpenQA.Selenium.Remote.RemoteWebDriver.UnpackAndThrowOnError(Response errorResponse)
   at OpenQA.Selenium.Remote.RemoteWebDriver.Execute(String driverCommandToExecute, Dictionary`2 parameters)
   at OpenQA.Selenium.Remote.RemoteWebDriver.FindElement(String mechanism, String value)
   at OpenQA.Selenium.Remote.RemoteWebDriver.FindElementByLinkText(String linkText)
   at OpenQA.Selenium.By.<>c__DisplayClass17_0.<LinkText>b__0(ISearchContext context)
   at OpenQA.Selenium.By.FindElement(ISearchContext context)
   at OpenQA.Selenium.Remote.RemoteWebDriver.FindElement(By by)
   at OpenQA.Selenium.Support.PageObjects.DefaultElementLocator.LocateElement(IEnumerable`1 bys)
   at OpenQA.Selenium.Support.PageObjects.WebElementProxy.get_Element()
   at OpenQA.Selenium.Support.PageObjects.WebElementProxy.Invoke(IMessage msg)
   at System.Runtime.Remoting.Proxies.RealProxy.PrivateInvoke(MessageData& msgData, Int32 type)
   at OpenQA.Selenium.IWebElement.Click()
   at ProvidentTestProject.Pages.HomePage.clickMyAccount() in C:\Users\Gerald\WorkStation\CoveaSolutions\ProvidentTestProject\Pages\HomePage.cs:line 27
   at ProvidentTestProject.Pages.LoginSteps.ClickMyAccountLink() in C:\Users\Gerald\WorkStation\CoveaSolutions\ProvidentTestProject\Steps\RegistrationSteps.cs:line 32
2018-09-12 21:05:46,053 [TestRunnerThread] WARN  ProvidentProjects.Logging.LoggingStoryReporter - SKIPPED: And I go home - Previous step has failed
2018-09-12 21:05:46,054 [TestRunnerThread] ERROR ProvidentProjects.Logging.LoggingStoryReporter - SCENARIO FAILED: Create New Quote [QE-1]
2018-09-12 21:05:46,056 [TestRunnerThread] INFO  ProvidentProjects.Logging.ZapiStoryReporter - Writing UN-SUCCESSFUL execution result to Jira for scenario: Create New Quote [QE-1]
2018-09-12 21:07:31,221 [TestRunnerThread] INFO  ProvidentProjects.Logging.LoggingStoryReporter - Running scenario [Create New Quote [QE-1]]
2018-09-12 21:07:31,247 [TestRunnerThread] INFO  ProvidentProjects.generalSteps.GeneralSteps - Given I am logged in to provident website
2018-09-12 21:07:38,402 [TestRunnerThread] INFO  ProvidentProjects.generalSteps.GeneralSteps - And I click on my account link
2018-09-12 21:07:45,414 [TestRunnerThread] INFO  ProvidentProjects.generalSteps.GeneralSteps - And I go home
2018-09-12 21:07:45,428 [TestRunnerThread] INFO  ProvidentProjects.generalSteps.GeneralSteps - Scenario execution complete: Create New Quote [QE-1]
2018-09-12 21:07:45,671 [TestRunnerThread] INFO  ProvidentProjects.Logging.LoggingStoryReporter - Scenario finished [Create New Quote [QE-1]]
2018-09-12 21:07:45,675 [TestRunnerThread] INFO  ProvidentProjects.Logging.LoggingStoryReporter - PASSED: Given I am logged in to provident website - 
2018-09-12 21:07:45,676 [TestRunnerThread] INFO  ProvidentProjects.Logging.LoggingStoryReporter - PASSED: And I click on my account link - 
2018-09-12 21:07:45,677 [TestRunnerThread] INFO  ProvidentProjects.Logging.LoggingStoryReporter - PASSED: And I go home - 
2018-09-12 21:07:45,680 [TestRunnerThread] INFO  ProvidentProjects.Logging.ZapiStoryReporter - Writing SUCCESSFUL execution result to Jira for scenario: Create New Quote [QE-1]
2018-09-12 21:10:00,763 [TestRunnerThread] INFO  ProvidentProjects.Logging.LoggingStoryReporter - Running scenario [Create New Quote [QE-1]]
2018-09-12 21:10:00,785 [TestRunnerThread] INFO  ProvidentProjects.generalSteps.GeneralSteps - Given I am logged in to provident website
2018-09-12 21:10:09,351 [TestRunnerThread] INFO  ProvidentProjects.generalSteps.GeneralSteps - And I click on my account link
2018-09-12 21:10:18,279 [TestRunnerThread] INFO  ProvidentProjects.generalSteps.GeneralSteps - And I go home
2018-09-12 21:10:18,280 [TestRunnerThread] INFO  ProvidentProjects.generalSteps.GeneralSteps - And you go home
2018-09-12 21:10:18,283 [TestRunnerThread] INFO  ProvidentProjects.generalSteps.GeneralSteps - Scenario execution complete: Create New Quote [QE-1]
2018-09-12 21:10:18,448 [TestRunnerThread] INFO  ProvidentProjects.Logging.LoggingStoryReporter - Scenario finished [Create New Quote [QE-1]]
2018-09-12 21:10:18,450 [TestRunnerThread] INFO  ProvidentProjects.Logging.LoggingStoryReporter - PASSED: Given I am logged in to provident website - 
2018-09-12 21:10:18,450 [TestRunnerThread] INFO  ProvidentProjects.Logging.LoggingStoryReporter - PASSED: And I click on my account link - 
2018-09-12 21:10:18,451 [TestRunnerThread] INFO  ProvidentProjects.Logging.LoggingStoryReporter - PASSED: And I go home - 
2018-09-12 21:10:18,452 [TestRunnerThread] INFO  ProvidentProjects.Logging.LoggingStoryReporter - PASSED: And you go home - 
2018-09-12 21:10:18,455 [TestRunnerThread] INFO  ProvidentProjects.Logging.ZapiStoryReporter - Writing SUCCESSFUL execution result to Jira for scenario: Create New Quote [QE-1]
2018-09-12 21:11:39,530 [TestRunnerThread] INFO  ProvidentProjects.Logging.LoggingStoryReporter - Running scenario [Create New Quote [QE-1]]
2018-09-12 21:11:39,555 [TestRunnerThread] INFO  ProvidentProjects.generalSteps.GeneralSteps - Given I am logged in to provident website
2018-09-12 21:11:45,610 [TestRunnerThread] INFO  ProvidentProjects.generalSteps.GeneralSteps - And I click on my account link
2018-09-12 21:11:49,319 [TestRunnerThread] INFO  ProvidentProjects.generalSteps.GeneralSteps - Scenario execution complete: Create New Quote [QE-1]
2018-09-12 21:11:49,647 [TestRunnerThread] INFO  ProvidentProjects.Logging.LoggingStoryReporter - Scenario finished [Create New Quote [QE-1]]
2018-09-12 21:11:49,649 [TestRunnerThread] INFO  ProvidentProjects.Logging.LoggingStoryReporter - PASSED: Given I am logged in to provident website - 
2018-09-12 21:11:49,649 [TestRunnerThread] INFO  ProvidentProjects.Logging.LoggingStoryReporter - PASSED: And I click on my account link - 
2018-09-12 21:11:49,655 [TestRunnerThread] INFO  ProvidentProjects.Logging.ZapiStoryReporter - Writing SUCCESSFUL execution result to Jira for scenario: Create New Quote [QE-1]
2018-09-14 14:38:28,181 [TestRunnerThread] INFO  ProvidentProjects.Logging.LoggingStoryReporter - Running scenario [Create New Quote [QE-1]]
2018-09-14 14:38:28,307 [TestRunnerThread] INFO  ProvidentProjects.generalSteps.GeneralSteps - Given I am logged in to provident website
2018-09-14 14:38:42,172 [TestRunnerThread] INFO  ProvidentProjects.generalSteps.GeneralSteps - And I click on my account link
2018-09-14 14:38:42,368 [TestRunnerThread] INFO  ProvidentProjects.generalSteps.GeneralSteps - Scenario execution complete: Create New Quote [QE-1]
2018-09-14 14:38:42,585 [TestRunnerThread] INFO  ProvidentProjects.Logging.LoggingStoryReporter - Scenario finished [Create New Quote [QE-1]]
2018-09-14 14:38:42,593 [TestRunnerThread] INFO  ProvidentProjects.Logging.LoggingStoryReporter - PASSED: Given I am logged in to provident website - 
2018-09-14 14:38:42,594 [TestRunnerThread] WARN  ProvidentProjects.Logging.LoggingStoryReporter - FAILED: And I click on my account link - OpenQA.Selenium.NoSuchElementException: Could not find element by: By.LinkText: My Account
   at OpenQA.Selenium.Support.PageObjects.DefaultElementLocator.LocateElement(IEnumerable`1 bys)
   at OpenQA.Selenium.Support.PageObjects.WebElementProxy.get_Element()
   at OpenQA.Selenium.Support.PageObjects.WebElementProxy.Invoke(IMessage msg)
   at System.Runtime.Remoting.Proxies.RealProxy.PrivateInvoke(MessageData& msgData, Int32 type)
   at OpenQA.Selenium.IWebElement.Click()
   at ProvidentTestProject.Pages.HomePage.clickMyAccount() in C:\Users\Gerald\WorkStation\CoveaSolutions\ProvidentTestProject\Pages\HomePage.cs:line 27
   at ProvidentTestProject.Pages.LoginSteps.ClickMyAccountLink() in C:\Users\Gerald\WorkStation\CoveaSolutions\ProvidentTestProject\Steps\RegistrationSteps.cs:line 32
2018-09-14 14:38:42,596 [TestRunnerThread] ERROR ProvidentProjects.Logging.LoggingStoryReporter - SCENARIO FAILED: Create New Quote [QE-1]
2018-09-14 14:38:42,600 [TestRunnerThread] INFO  ProvidentProjects.Logging.ZapiStoryReporter - Writing UN-SUCCESSFUL execution result to Jira for scenario: Create New Quote [QE-1]
2018-09-14 14:40:07,498 [TestRunnerThread] INFO  ProvidentProjects.Logging.LoggingStoryReporter - Running scenario [Create New Quote [QE-1]]
2018-09-14 14:40:07,520 [TestRunnerThread] INFO  ProvidentProjects.generalSteps.GeneralSteps - Given I am logged in to provident website
2018-09-14 14:40:21,494 [TestRunnerThread] INFO  ProvidentProjects.generalSteps.GeneralSteps - And I click on my account link
2018-09-14 14:40:21,568 [TestRunnerThread] INFO  ProvidentProjects.generalSteps.GeneralSteps - And do something
2018-09-14 14:40:21,572 [TestRunnerThread] INFO  ProvidentProjects.generalSteps.GeneralSteps - Scenario execution complete: Create New Quote [QE-1]
2018-09-14 14:40:21,999 [TestRunnerThread] INFO  ProvidentProjects.Logging.LoggingStoryReporter - Scenario finished [Create New Quote [QE-1]]
2018-09-14 14:40:22,000 [TestRunnerThread] INFO  ProvidentProjects.Logging.LoggingStoryReporter - PASSED: Given I am logged in to provident website - 
2018-09-14 14:40:22,001 [TestRunnerThread] WARN  ProvidentProjects.Logging.LoggingStoryReporter - FAILED: And I click on my account link - OpenQA.Selenium.NoSuchElementException: Could not find element by: By.LinkText: My Account
   at OpenQA.Selenium.Support.PageObjects.DefaultElementLocator.LocateElement(IEnumerable`1 bys)
   at OpenQA.Selenium.Support.PageObjects.WebElementProxy.get_Element()
   at OpenQA.Selenium.Support.PageObjects.WebElementProxy.Invoke(IMessage msg)
   at System.Runtime.Remoting.Proxies.RealProxy.PrivateInvoke(MessageData& msgData, Int32 type)
   at OpenQA.Selenium.IWebElement.Click()
   at ProvidentTestProject.Pages.HomePage.clickMyAccount() in C:\Users\Gerald\WorkStation\CoveaSolutions\ProvidentTestProject\Pages\HomePage.cs:line 27
   at ProvidentTestProject.Pages.LoginSteps.ClickMyAccountLink() in C:\Users\Gerald\WorkStation\CoveaSolutions\ProvidentTestProject\Steps\RegistrationSteps.cs:line 32
2018-09-14 14:40:22,002 [TestRunnerThread] WARN  ProvidentProjects.Logging.LoggingStoryReporter - SKIPPED: And do something - Previous step has failed
2018-09-14 14:40:22,004 [TestRunnerThread] ERROR ProvidentProjects.Logging.LoggingStoryReporter - SCENARIO FAILED: Create New Quote [QE-1]
2018-09-14 14:40:22,008 [TestRunnerThread] INFO  ProvidentProjects.Logging.ZapiStoryReporter - Writing UN-SUCCESSFUL execution result to Jira for scenario: Create New Quote [QE-1]
2018-09-14 17:55:05,404 [TestRunnerThread] INFO  ProvidentProjects.Logging.LoggingStoryReporter - Running scenario [Create New Quote [QE-1]]
2018-09-14 17:55:05,456 [TestRunnerThread] INFO  ProvidentProjects.generalSteps.GeneralSteps - Given I am logged in to provident website
2018-09-14 17:55:11,308 [TestRunnerThread] INFO  ProvidentProjects.generalSteps.GeneralSteps - And I click on my account link
2018-09-14 17:55:15,503 [TestRunnerThread] INFO  ProvidentProjects.generalSteps.GeneralSteps - And do something
2018-09-14 17:55:15,509 [TestRunnerThread] INFO  ProvidentProjects.generalSteps.GeneralSteps - Scenario execution complete: Create New Quote [QE-1]
2018-09-14 17:55:15,995 [TestRunnerThread] INFO  ProvidentProjects.Logging.LoggingStoryReporter - Scenario finished [Create New Quote [QE-1]]
2018-09-14 17:55:15,996 [TestRunnerThread] INFO  ProvidentProjects.Logging.LoggingStoryReporter - PASSED: Given I am logged in to provident website - 
2018-09-14 17:55:15,996 [TestRunnerThread] INFO  ProvidentProjects.Logging.LoggingStoryReporter - PASSED: And I click on my account link - 
2018-09-14 17:55:15,997 [TestRunnerThread] WARN  ProvidentProjects.Logging.LoggingStoryReporter - PENDINGNOTIMPLEMENTED: And do something - No matching Action found for "And do something"
2018-09-14 17:55:16,001 [TestRunnerThread] INFO  ProvidentProjects.Logging.ZapiStoryReporter - Writing UN-SUCCESSFUL execution result to Jira for scenario: Create New Quote [QE-1]
2018-09-14 17:58:06,659 [TestRunnerThread] INFO  ProvidentProjects.Logging.LoggingStoryReporter - Running scenario [Create New Quote [QE-1]]
2018-09-14 17:58:06,681 [TestRunnerThread] INFO  ProvidentProjects.generalSteps.GeneralSteps - Given I am logged in to provident website
2018-09-14 17:58:11,851 [TestRunnerThread] INFO  ProvidentProjects.generalSteps.GeneralSteps - And I click on my account link
2018-09-14 17:58:14,159 [TestRunnerThread] INFO  ProvidentProjects.generalSteps.GeneralSteps - Scenario execution complete: Create New Quote [QE-1]
2018-09-14 17:58:14,360 [TestRunnerThread] INFO  ProvidentProjects.Logging.LoggingStoryReporter - Scenario finished [Create New Quote [QE-1]]
2018-09-14 17:58:14,362 [TestRunnerThread] INFO  ProvidentProjects.Logging.LoggingStoryReporter - PASSED: Given I am logged in to provident website - 
2018-09-14 17:58:14,362 [TestRunnerThread] INFO  ProvidentProjects.Logging.LoggingStoryReporter - PASSED: And I click on my account link - 
2018-09-14 17:58:14,369 [TestRunnerThread] INFO  ProvidentProjects.Logging.ZapiStoryReporter - Writing SUCCESSFUL execution result to Jira for scenario: Create New Quote [QE-1]
2018-09-14 17:59:30,775 [TestRunnerThread] INFO  ProvidentProjects.Logging.LoggingStoryReporter - Running scenario [Create New Quote [QE-1]]
2018-09-14 17:59:30,799 [TestRunnerThread] INFO  ProvidentProjects.generalSteps.GeneralSteps - Given I am logged in to provident website
2018-09-14 17:59:36,324 [TestRunnerThread] INFO  ProvidentProjects.generalSteps.GeneralSteps - And I click on my account link
2018-09-14 17:59:40,374 [TestRunnerThread] INFO  ProvidentProjects.generalSteps.GeneralSteps - Scenario execution complete: Create New Quote [QE-1]
2018-09-14 17:59:40,661 [TestRunnerThread] INFO  ProvidentProjects.Logging.LoggingStoryReporter - Scenario finished [Create New Quote [QE-1]]
2018-09-14 17:59:40,662 [TestRunnerThread] INFO  ProvidentProjects.Logging.LoggingStoryReporter - PASSED: Given I am logged in to provident website - 
2018-09-14 17:59:40,663 [TestRunnerThread] INFO  ProvidentProjects.Logging.LoggingStoryReporter - PASSED: And I click on my account link - 
2018-09-14 17:59:40,668 [TestRunnerThread] INFO  ProvidentProjects.Logging.ZapiStoryReporter - Writing SUCCESSFUL execution result to Jira for scenario: Create New Quote [QE-1]
2018-09-14 18:01:13,712 [TestRunnerThread] INFO  ProvidentProjects.Logging.LoggingStoryReporter - Running scenario [Create New Quote [QE-1]]
2018-09-14 18:01:13,734 [TestRunnerThread] INFO  ProvidentProjects.generalSteps.GeneralSteps - Given I am logged in to provident website
2018-09-14 18:01:19,486 [TestRunnerThread] INFO  ProvidentProjects.generalSteps.GeneralSteps - And I click on my account link
2018-09-14 18:01:22,685 [TestRunnerThread] INFO  ProvidentProjects.generalSteps.GeneralSteps - Scenario execution complete: Create New Quote [QE-1]
2018-09-14 18:01:22,914 [TestRunnerThread] INFO  ProvidentProjects.Logging.LoggingStoryReporter - Scenario finished [Create New Quote [QE-1]]
2018-09-14 18:01:22,916 [TestRunnerThread] INFO  ProvidentProjects.Logging.LoggingStoryReporter - PASSED: Given I am logged in to provident website - 
2018-09-14 18:01:22,917 [TestRunnerThread] INFO  ProvidentProjects.Logging.LoggingStoryReporter - PASSED: And I click on my account link - 
2018-09-14 18:01:22,925 [TestRunnerThread] INFO  ProvidentProjects.Logging.ZapiStoryReporter - Writing SUCCESSFUL execution result to Jira for scenario: Create New Quote [QE-1]
2018-09-14 18:13:58,432 [TestRunnerThread] INFO  ProvidentProjects.Logging.LoggingStoryReporter - Running scenario [Create New Quote [QE-1]]
2018-09-14 18:13:58,454 [TestRunnerThread] INFO  ProvidentProjects.generalSteps.GeneralSteps - Given I am logged in to provident website
2018-09-14 18:14:12,871 [TestRunnerThread] INFO  ProvidentProjects.generalSteps.GeneralSteps - And I click on my account link
2018-09-14 18:14:23,529 [TestRunnerThread] INFO  ProvidentProjects.generalSteps.GeneralSteps - Scenario execution complete: Create New Quote [QE-1]
2018-09-14 18:14:23,752 [TestRunnerThread] INFO  ProvidentProjects.Logging.LoggingStoryReporter - Scenario finished [Create New Quote [QE-1]]
2018-09-14 18:14:23,754 [TestRunnerThread] INFO  ProvidentProjects.Logging.LoggingStoryReporter - PASSED: Given I am logged in to provident website - 
2018-09-14 18:14:23,755 [TestRunnerThread] INFO  ProvidentProjects.Logging.LoggingStoryReporter - PASSED: And I click on my account link - 
2018-09-14 18:14:23,762 [TestRunnerThread] INFO  ProvidentProjects.Logging.ZapiStoryReporter - Writing SUCCESSFUL execution result to Jira for scenario: Create New Quote [QE-1]
2018-09-14 18:15:23,476 [TestRunnerThread] INFO  ProvidentProjects.Logging.LoggingStoryReporter - Running scenario [Create New Quote [QE-1]]
2018-09-14 18:15:23,499 [TestRunnerThread] INFO  ProvidentProjects.generalSteps.GeneralSteps - Given I am logged in to provident website
2018-09-14 18:15:29,162 [TestRunnerThread] INFO  ProvidentProjects.generalSteps.GeneralSteps - And I click on my account link
2018-09-14 18:15:31,622 [TestRunnerThread] INFO  ProvidentProjects.generalSteps.GeneralSteps - Scenario execution complete: Create New Quote [QE-1]
2018-09-14 18:15:31,930 [TestRunnerThread] INFO  ProvidentProjects.Logging.LoggingStoryReporter - Scenario finished [Create New Quote [QE-1]]
2018-09-14 18:15:31,946 [TestRunnerThread] INFO  ProvidentProjects.Logging.LoggingStoryReporter - PASSED: Given I am logged in to provident website - 
2018-09-14 18:15:31,946 [TestRunnerThread] INFO  ProvidentProjects.Logging.LoggingStoryReporter - PASSED: And I click on my account link - 
2018-09-14 18:15:31,950 [TestRunnerThread] INFO  ProvidentProjects.Logging.ZapiStoryReporter - Writing SUCCESSFUL execution result to Jira for scenario: Create New Quote [QE-1]
2018-09-21 07:30:53,023 [TestRunnerThread] INFO  ProvidentProjects.Logging.LoggingStoryReporter - Running scenario [Create New Quote [QE-1]]
2018-09-21 07:30:53,616 [TestRunnerThread] INFO  ProvidentProjects.generalSteps.GeneralSteps - Given I am logged in to provident website
2018-09-21 07:31:24,948 [TestRunnerThread] INFO  ProvidentProjects.generalSteps.GeneralSteps - And I click on my account link
2018-09-21 07:31:34,997 [TestRunnerThread] INFO  ProvidentProjects.generalSteps.GeneralSteps - Scenario execution complete: Create New Quote [QE-1]
2018-09-21 07:31:39,426 [TestRunnerThread] INFO  ProvidentProjects.Logging.LoggingStoryReporter - Scenario finished [Create New Quote [QE-1]]
2018-09-21 07:31:39,427 [TestRunnerThread] INFO  ProvidentProjects.Logging.LoggingStoryReporter - PASSED: Given I am logged in to provident website - 
2018-09-21 07:31:39,427 [TestRunnerThread] INFO  ProvidentProjects.Logging.LoggingStoryReporter - PASSED: And I click on my account link - 
2018-09-21 07:31:39,432 [TestRunnerThread] INFO  ProvidentProjects.Logging.ZapiStoryReporter - Writing SUCCESSFUL execution result to Jira for scenario: Create New Quote [QE-1]
2018-09-21 07:34:00,926 [TestRunnerThread] INFO  ProvidentProjects.Logging.LoggingStoryReporter - Running scenario [Create New Quote [QE-1]]
2018-09-21 07:34:00,950 [TestRunnerThread] INFO  ProvidentProjects.generalSteps.GeneralSteps - Given I am logged in to provident website
2018-09-21 07:34:12,361 [TestRunnerThread] INFO  ProvidentProjects.generalSteps.GeneralSteps - And I click on my account link
2018-09-21 07:34:15,455 [TestRunnerThread] INFO  ProvidentProjects.generalSteps.GeneralSteps - Scenario execution complete: Create New Quote [QE-1]
2018-09-21 07:34:18,578 [TestRunnerThread] INFO  ProvidentProjects.Logging.LoggingStoryReporter - Scenario finished [Create New Quote [QE-1]]
2018-09-21 07:34:18,581 [TestRunnerThread] INFO  ProvidentProjects.Logging.LoggingStoryReporter - PASSED: Given I am logged in to provident website - 
2018-09-21 07:34:18,582 [TestRunnerThread] WARN  ProvidentProjects.Logging.LoggingStoryReporter - FAILED: And I click on my account link - OpenQA.Selenium.NoSuchElementException: Could not find element by: By.LinkText: My Accounta
   at OpenQA.Selenium.Support.PageObjects.DefaultElementLocator.LocateElement(IEnumerable`1 bys)
   at OpenQA.Selenium.Support.PageObjects.WebElementProxy.get_Element()
   at OpenQA.Selenium.Support.PageObjects.WebElementProxy.Invoke(IMessage msg)
   at System.Runtime.Remoting.Proxies.RealProxy.PrivateInvoke(MessageData& msgData, Int32 type)
   at OpenQA.Selenium.IWebElement.Click()
   at ProvidentTestProject.Pages.HomePage.clickMyAccount() in C:\Users\Gerald\WorkStation\CoveaSolutions\ProvidentTestProject\Pages\HomePage.cs:line 27
   at ProvidentTestProject.Pages.LoginSteps.ClickMyAccountLink() in C:\Users\Gerald\WorkStation\CoveaSolutions\ProvidentTestProject\Steps\RegistrationSteps.cs:line 32
2018-09-21 07:34:18,584 [TestRunnerThread] ERROR ProvidentProjects.Logging.LoggingStoryReporter - SCENARIO FAILED: Create New Quote [QE-1]
2018-09-21 07:34:18,588 [TestRunnerThread] INFO  ProvidentProjects.Logging.ZapiStoryReporter - Writing UN-SUCCESSFUL execution result to Jira for scenario: Create New Quote [QE-1]
2018-09-21 07:35:39,031 [TestRunnerThread] INFO  ProvidentProjects.Logging.LoggingStoryReporter - Running scenario [Create New Quote [QE-1]]
2018-09-21 07:35:39,055 [TestRunnerThread] INFO  ProvidentProjects.generalSteps.GeneralSteps - Given I am logged in to provident website
2018-09-21 07:35:57,454 [TestRunnerThread] INFO  ProvidentProjects.generalSteps.GeneralSteps - And I click on my account link
2018-09-21 07:35:59,884 [TestRunnerThread] INFO  ProvidentProjects.generalSteps.GeneralSteps - And i do this
2018-09-21 07:35:59,888 [TestRunnerThread] INFO  ProvidentProjects.generalSteps.GeneralSteps - Scenario execution complete: Create New Quote [QE-1]
2018-09-21 07:36:00,448 [TestRunnerThread] INFO  ProvidentProjects.Logging.LoggingStoryReporter - Scenario finished [Create New Quote [QE-1]]
2018-09-21 07:36:00,449 [TestRunnerThread] INFO  ProvidentProjects.Logging.LoggingStoryReporter - PASSED: Given I am logged in to provident website - 
2018-09-21 07:36:00,450 [TestRunnerThread] INFO  ProvidentProjects.Logging.LoggingStoryReporter - PASSED: And I click on my account link - 
2018-09-21 07:36:00,450 [TestRunnerThread] WARN  ProvidentProjects.Logging.LoggingStoryReporter - PENDINGNOTIMPLEMENTED: And i do this - No matching Action found for "And i do this"
2018-09-21 07:36:00,454 [TestRunnerThread] INFO  ProvidentProjects.Logging.ZapiStoryReporter - Writing UN-SUCCESSFUL execution result to Jira for scenario: Create New Quote [QE-1]
2018-12-02 18:12:35,747 [TestRunnerThread] INFO  ProvidentProjects.Logging.LoggingStoryReporter - Running scenario [Create New Quote [QE-1]]
2018-12-02 18:12:35,851 [TestRunnerThread] INFO  ProvidentProjects.generalSteps.GeneralSteps - Given I am logged in to provident website
2018-12-02 18:12:39,680 [TestRunnerThread] INFO  ProvidentProjects.generalSteps.GeneralSteps - And I click on my account link
2018-12-02 18:12:40,661 [TestRunnerThread] INFO  ProvidentProjects.generalSteps.GeneralSteps - And i do this
2018-12-02 18:12:40,682 [TestRunnerThread] INFO  ProvidentProjects.generalSteps.GeneralSteps - Scenario execution complete: Create New Quote [QE-1]
2018-12-02 20:04:21,819 [TestRunnerThread] INFO  ProvidentProjects.Logging.LoggingStoryReporter - Running scenario [Create New Quote [QE-1]]
2018-12-02 20:04:21,849 [TestRunnerThread] INFO  ProvidentProjects.generalSteps.GeneralSteps - Given I am logged in to provident website
2018-12-02 20:04:28,840 [TestRunnerThread] INFO  ProvidentProjects.generalSteps.GeneralSteps - And I click on my account link
2018-12-02 20:04:32,433 [TestRunnerThread] INFO  ProvidentProjects.generalSteps.GeneralSteps - And i do this
2018-12-02 20:04:32,449 [TestRunnerThread] INFO  ProvidentProjects.generalSteps.GeneralSteps - Scenario execution complete: Create New Quote [QE-1]
2018-12-02 20:04:33,050 [TestRunnerThread] INFO  ProvidentProjects.Logging.LoggingStoryReporter - Scenario finished [Create New Quote [QE-1]]
2018-12-02 20:04:33,053 [TestRunnerThread] INFO  ProvidentProjects.Logging.LoggingStoryReporter - PASSED: Given I am logged in to provident website - 
2018-12-02 20:04:33,062 [TestRunnerThread] INFO  ProvidentProjects.Logging.LoggingStoryReporter - PASSED: And I click on my account link - 
2018-12-02 20:04:33,065 [TestRunnerThread] WARN  ProvidentProjects.Logging.LoggingStoryReporter - PENDINGNOTIMPLEMENTED: And i do this - No matching Action found for "And i do this"
2018-12-02 20:04:33,078 [TestRunnerThread] INFO  ProvidentProjects.Logging.ZapiStoryReporter - Writing UN-SUCCESSFUL execution result to Jira for scenario: Create New Quote [QE-1]
